#
# There is insufficient memory for the Java Runtime Environment to continue.
# Native memory allocation (malloc) failed to allocate 862640 bytes for Chunk::new
# Possible reasons:
#   The system is out of physical RAM or swap space
#   In 32 bit mode, the process size limit was hit
# Possible solutions:
#   Reduce memory load on the system
#   Increase physical memory or swap space
#   Check if swap backing store is full
#   Use 64 bit Java on a 64 bit OS
#   Decrease Java heap size (-Xmx/-Xms)
#   Decrease number of Java threads
#   Decrease Java thread stack sizes (-Xss)
#   Set larger code cache with -XX:ReservedCodeCacheSize=
# This output file may be truncated or incomplete.
#
#  Out of Memory Error (allocation.cpp:390), pid=424, tid=0x00000000000038a8
#
# JRE version: Java(TM) SE Runtime Environment (8.0_181-b13) (build 1.8.0_181-b13)
# Java VM: Java HotSpot(TM) 64-Bit Server VM (25.181-b13 mixed mode windows-amd64 compressed oops)
# Failed to write core dump. Minidumps are not enabled by default on client versions of Windows
#

---------------  T H R E A D  ---------------

Current thread (0x0000000017a74000):  JavaThread "C2 CompilerThread1" daemon [_thread_in_native, id=14504, stack(0x00000000191b0000,0x00000000192b0000)]

Stack: [0x00000000191b0000,0x00000000192b0000]
[error occurred during error reporting (printing stack bounds), id 0xc0000005]

Native frames: (J=compiled Java code, j=interpreted, Vv=VM code, C=native code)


Current CompileTask:
C2:   9872 3516       4       org.springframework.core.ResolvableType::as (81 bytes)


---------------  P R O C E S S  ---------------

Java Threads: ( => current thread )
  0x0000000019522800 JavaThread "surefire-forkedjvm-ping-30s" daemon [_thread_blocked, id=744, stack(0x0000000019ab0000,0x0000000019bb0000)]
  0x00000000194b4000 JavaThread "surefire-forkedjvm-command-thread" daemon [_thread_in_native, id=9804, stack(0x00000000199b0000,0x0000000019ab0000)]
  0x0000000017ace000 JavaThread "Service Thread" daemon [_thread_blocked, id=10556, stack(0x00000000197b0000,0x00000000198b0000)]
  0x0000000017a83000 JavaThread "C1 CompilerThread2" daemon [_thread_in_native, id=8672, stack(0x00000000192b0000,0x00000000193b0000)]
=>0x0000000017a74000 JavaThread "C2 CompilerThread1" daemon [_thread_in_native, id=14504, stack(0x00000000191b0000,0x00000000192b0000)]
  0x0000000017a6f800 JavaThread "C2 CompilerThread0" daemon [_thread_in_native, id=6832, stack(0x00000000190b0000,0x00000000191b0000)]
  0x0000000017a6e000 JavaThread "Attach Listener" daemon [_thread_blocked, id=7760, stack(0x0000000018fb0000,0x00000000190b0000)]
  0x0000000017a6c800 JavaThread "Signal Dispatcher" daemon [_thread_blocked, id=12428, stack(0x0000000018eb0000,0x0000000018fb0000)]
  0x000000000335b800 JavaThread "Finalizer" daemon [_thread_blocked, id=1172, stack(0x0000000018cc0000,0x0000000018dc0000)]
  0x0000000003352000 JavaThread "Reference Handler" daemon [_thread_blocked, id=15804, stack(0x0000000018bc0000,0x0000000018cc0000)]
  0x00000000031ee800 JavaThread "main" [_thread_in_vm, id=10288, stack(0x0000000003070000,0x0000000003170000)]

Other Threads:
  0x0000000017a36800 VMThread [stack: 0x0000000018ac0000,0x0000000018bc0000] [id=14528]
  0x00000000193e4000 WatcherThread [stack: 0x00000000198b0000,0x00000000199b0000] [id=876]

VM state:not at safepoint (normal execution)

VM Mutex/Monitor currently owned by a thread: None

Heap:
 PSYoungGen      total 162304K, used 28135K [0x00000000d8380000, 0x00000000e3980000, 0x0000000100000000)
  eden space 147968K, 19% used [0x00000000d8380000,0x00000000d9ef9ca0,0x00000000e1400000)
  from space 14336K, 0% used [0x00000000e2380000,0x00000000e2380000,0x00000000e3180000)
  to   space 15872K, 0% used [0x00000000e1400000,0x00000000e1400000,0x00000000e2380000)
 ParOldGen       total 53248K, used 18832K [0x0000000088a00000, 0x000000008be00000, 0x00000000d8380000)
  object space 53248K, 35% used [0x0000000088a00000,0x0000000089c64238,0x000000008be00000)
 Metaspace       used 34397K, capacity 35828K, committed 36056K, reserved 1081344K
  class space    used 4508K, capacity 4781K, committed 4864K, reserved 1048576K

Card table byte_map: [0x0000000012720000,0x0000000012ae0000] byte_map_base: 0x00000000122db000

Marking Bits: (ParMarkBitMap*) 0x000000005e4a2d00
 Begin Bits: [0x0000000013160000, 0x0000000014f38000)
 End Bits:   [0x0000000014f38000, 0x0000000016d10000)

Polling page: 0x0000000001360000

CodeCache: size=245760Kb used=12010Kb max_used=12404Kb free=233749Kb
 bounds [0x0000000003360000, 0x0000000003fc0000, 0x0000000012360000]
 total_blobs=3656 nmethods=3244 adapters=325
 compilation: enabled

Compilation events (10 events):
Event: 9.846 Thread 0x0000000017a83000 3584       1       org.springframework.beans.factory.support.AbstractAutowireCapableBeanFactory::getInstantiationStrategy (5 bytes)
Event: 9.847 Thread 0x0000000017a83000 nmethod 3584 0x0000000003a7a910 code [0x0000000003a7aa60, 0x0000000003a7ab70]
Event: 9.853 Thread 0x0000000017a83000 3585   !   3       org.springframework.boot.test.autoconfigure.properties.PropertyMappingContextCustomizer$PropertyMappingCheckBeanPostProcessor::isAnnotated (35 bytes)
Event: 9.853 Thread 0x0000000017a83000 nmethod 3585 0x0000000003751110 code [0x00000000037512c0, 0x0000000003751848]
Event: 9.853 Thread 0x0000000017a83000 3586       1       org.springframework.aop.support.DefaultPointcutAdvisor::getPointcut (5 bytes)
Event: 9.854 Thread 0x0000000017a83000 nmethod 3586 0x000000000399c910 code [0x000000000399ca60, 0x000000000399cb70]
Event: 9.854 Thread 0x0000000017a83000 3587       1       org.springframework.aop.support.annotation.AnnotationMatchingPointcut::getClassFilter (5 bytes)
Event: 9.854 Thread 0x0000000017a83000 nmethod 3587 0x000000000399c650 code [0x000000000399c7a0, 0x000000000399c8b0]
Event: 9.861 Thread 0x0000000017a83000 3588       3       org.springframework.boot.context.properties.source.ConfigurationPropertyState::search (56 bytes)
Event: 9.861 Thread 0x0000000017a83000 nmethod 3588 0x00000000038516d0 code [0x00000000038518c0, 0x0000000003852098]

GC Heap History (10 events):
Event: 5.294 GC heap before
{Heap before GC invocations=6 (full 1):
 PSYoungGen      total 66560K, used 61440K [0x00000000d8380000, 0x00000000dc980000, 0x0000000100000000)
  eden space 61440K, 100% used [0x00000000d8380000,0x00000000dbf80000,0x00000000dbf80000)
  from space 5120K, 0% used [0x00000000dc480000,0x00000000dc480000,0x00000000dc980000)
  to   space 5120K, 0% used [0x00000000dbf80000,0x00000000dbf80000,0x00000000dc480000)
 ParOldGen       total 53248K, used 7645K [0x0000000088a00000, 0x000000008be00000, 0x00000000d8380000)
  object space 53248K, 14% used [0x0000000088a00000,0x00000000891776f0,0x000000008be00000)
 Metaspace       used 26410K, capacity 27188K, committed 27520K, reserved 1073152K
  class space    used 3410K, capacity 3607K, committed 3712K, reserved 1048576K
Event: 5.311 GC heap after
Heap after GC invocations=6 (full 1):
 PSYoungGen      total 66560K, used 5088K [0x00000000d8380000, 0x00000000df500000, 0x0000000100000000)
  eden space 61440K, 0% used [0x00000000d8380000,0x00000000d8380000,0x00000000dbf80000)
  from space 5120K, 99% used [0x00000000dbf80000,0x00000000dc478090,0x00000000dc480000)
  to   space 9216K, 0% used [0x00000000dec00000,0x00000000dec00000,0x00000000df500000)
 ParOldGen       total 53248K, used 10583K [0x0000000088a00000, 0x000000008be00000, 0x00000000d8380000)
  object space 53248K, 19% used [0x0000000088a00000,0x0000000089455d10,0x000000008be00000)
 Metaspace       used 26410K, capacity 27188K, committed 27520K, reserved 1073152K
  class space    used 3410K, capacity 3607K, committed 3712K, reserved 1048576K
}
Event: 6.412 GC heap before
{Heap before GC invocations=7 (full 1):
 PSYoungGen      total 66560K, used 66528K [0x00000000d8380000, 0x00000000df500000, 0x0000000100000000)
  eden space 61440K, 100% used [0x00000000d8380000,0x00000000dbf80000,0x00000000dbf80000)
  from space 5120K, 99% used [0x00000000dbf80000,0x00000000dc478090,0x00000000dc480000)
  to   space 9216K, 0% used [0x00000000dec00000,0x00000000dec00000,0x00000000df500000)
 ParOldGen       total 53248K, used 10583K [0x0000000088a00000, 0x000000008be00000, 0x00000000d8380000)
  object space 53248K, 19% used [0x0000000088a00000,0x0000000089455d10,0x000000008be00000)
 Metaspace       used 29624K, capacity 30600K, committed 30720K, reserved 1075200K
  class space    used 3839K, capacity 4067K, committed 4096K, reserved 1048576K
Event: 6.434 GC heap after
Heap after GC invocations=7 (full 1):
 PSYoungGen      total 104960K, used 9214K [0x00000000d8380000, 0x00000000df880000, 0x0000000100000000)
  eden space 95744K, 0% used [0x00000000d8380000,0x00000000d8380000,0x00000000de100000)
  from space 9216K, 99% used [0x00000000dec00000,0x00000000df4ff8a0,0x00000000df500000)
  to   space 11264K, 0% used [0x00000000de100000,0x00000000de100000,0x00000000dec00000)
 ParOldGen       total 53248K, used 12069K [0x0000000088a00000, 0x000000008be00000, 0x00000000d8380000)
  object space 53248K, 22% used [0x0000000088a00000,0x00000000895c9528,0x000000008be00000)
 Metaspace       used 29624K, capacity 30600K, committed 30720K, reserved 1075200K
  class space    used 3839K, capacity 4067K, committed 4096K, reserved 1048576K
}
Event: 8.568 GC heap before
{Heap before GC invocations=8 (full 1):
 PSYoungGen      total 104960K, used 104958K [0x00000000d8380000, 0x00000000df880000, 0x0000000100000000)
  eden space 95744K, 100% used [0x00000000d8380000,0x00000000de100000,0x00000000de100000)
  from space 9216K, 99% used [0x00000000dec00000,0x00000000df4ff8a0,0x00000000df500000)
  to   space 11264K, 0% used [0x00000000de100000,0x00000000de100000,0x00000000dec00000)
 ParOldGen       total 53248K, used 12069K [0x0000000088a00000, 0x000000008be00000, 0x00000000d8380000)
  object space 53248K, 22% used [0x0000000088a00000,0x00000000895c9528,0x000000008be00000)
 Metaspace       used 32916K, capacity 34146K, committed 34304K, reserved 1079296K
  class space    used 4320K, capacity 4552K, committed 4608K, reserved 1048576K
Event: 8.595 GC heap after
Heap after GC invocations=8 (full 1):
 PSYoungGen      total 107008K, used 11257K [0x00000000d8380000, 0x00000000e3180000, 0x0000000100000000)
  eden space 95744K, 0% used [0x00000000d8380000,0x00000000d8380000,0x00000000de100000)
  from space 11264K, 99% used [0x00000000de100000,0x00000000debfe7e0,0x00000000dec00000)
  to   space 14336K, 0% used [0x00000000e2380000,0x00000000e2380000,0x00000000e3180000)
 ParOldGen       total 53248K, used 15029K [0x0000000088a00000, 0x000000008be00000, 0x00000000d8380000)
  object space 53248K, 28% used [0x0000000088a00000,0x00000000898ad6c8,0x000000008be00000)
 Metaspace       used 32916K, capacity 34146K, committed 34304K, reserved 1079296K
  class space    used 4320K, capacity 4552K, committed 4608K, reserved 1048576K
}
Event: 9.183 GC heap before
{Heap before GC invocations=9 (full 1):
 PSYoungGen      total 107008K, used 48669K [0x00000000d8380000, 0x00000000e3180000, 0x0000000100000000)
  eden space 95744K, 39% used [0x00000000d8380000,0x00000000da808c50,0x00000000de100000)
  from space 11264K, 99% used [0x00000000de100000,0x00000000debfe7e0,0x00000000dec00000)
  to   space 14336K, 0% used [0x00000000e2380000,0x00000000e2380000,0x00000000e3180000)
 ParOldGen       total 53248K, used 15029K [0x0000000088a00000, 0x000000008be00000, 0x00000000d8380000)
  object space 53248K, 28% used [0x0000000088a00000,0x00000000898ad6c8,0x000000008be00000)
 Metaspace       used 33973K, capacity 35310K, committed 35416K, reserved 1079296K
  class space    used 4457K, capacity 4722K, committed 4736K, reserved 1048576K
Event: 9.207 GC heap after
Heap after GC invocations=9 (full 1):
 PSYoungGen      total 162304K, used 13943K [0x00000000d8380000, 0x00000000e3980000, 0x0000000100000000)
  eden space 147968K, 0% used [0x00000000d8380000,0x00000000d8380000,0x00000000e1400000)
  from space 14336K, 97% used [0x00000000e2380000,0x00000000e311dc58,0x00000000e3180000)
  to   space 15872K, 0% used [0x00000000e1400000,0x00000000e1400000,0x00000000e2380000)
 ParOldGen       total 53248K, used 15037K [0x0000000088a00000, 0x000000008be00000, 0x00000000d8380000)
  object space 53248K, 28% used [0x0000000088a00000,0x00000000898af6c8,0x000000008be00000)
 Metaspace       used 33973K, capacity 35310K, committed 35416K, reserved 1079296K
  class space    used 4457K, capacity 4722K, committed 4736K, reserved 1048576K
}
Event: 9.207 GC heap before
{Heap before GC invocations=10 (full 2):
 PSYoungGen      total 162304K, used 13943K [0x00000000d8380000, 0x00000000e3980000, 0x0000000100000000)
  eden space 147968K, 0% used [0x00000000d8380000,0x00000000d8380000,0x00000000e1400000)
  from space 14336K, 97% used [0x00000000e2380000,0x00000000e311dc58,0x00000000e3180000)
  to   space 15872K, 0% used [0x00000000e1400000,0x00000000e1400000,0x00000000e2380000)
 ParOldGen       total 53248K, used 15037K [0x0000000088a00000, 0x000000008be00000, 0x00000000d8380000)
  object space 53248K, 28% used [0x0000000088a00000,0x00000000898af6c8,0x000000008be00000)
 Metaspace       used 33973K, capacity 35310K, committed 35416K, reserved 1079296K
  class space    used 4457K, capacity 4722K, committed 4736K, reserved 1048576K
Event: 9.364 GC heap after
Heap after GC invocations=10 (full 2):
 PSYoungGen      total 162304K, used 0K [0x00000000d8380000, 0x00000000e3980000, 0x0000000100000000)
  eden space 147968K, 0% used [0x00000000d8380000,0x00000000d8380000,0x00000000e1400000)
  from space 14336K, 0% used [0x00000000e2380000,0x00000000e2380000,0x00000000e3180000)
  to   space 15872K, 0% used [0x00000000e1400000,0x00000000e1400000,0x00000000e2380000)
 ParOldGen       total 53248K, used 18832K [0x0000000088a00000, 0x000000008be00000, 0x00000000d8380000)
  object space 53248K, 35% used [0x0000000088a00000,0x0000000089c64238,0x000000008be00000)
 Metaspace       used 33973K, capacity 35310K, committed 35416K, reserved 1079296K
  class space    used 4457K, capacity 4722K, committed 4736K, reserved 1048576K
}

Deoptimization events (10 events):
Event: 8.364 Thread 0x00000000031ee800 Uncommon trap: reason=unstable_if action=reinterpret pc=0x0000000003b36e84 method=org.springframework.util.ConcurrentReferenceHashMap$Segment.findInChain(Lorg/springframework/util/ConcurrentReferenceHashMap$Reference;Ljava/lang/Object;I)Lorg/springframewo
Event: 8.895 Thread 0x00000000031ee800 Uncommon trap: reason=class_check action=maybe_recompile pc=0x0000000003cbd280 method=java.lang.reflect.Array.newInstance(Ljava/lang/Class;I)Ljava/lang/Object; @ 2
Event: 8.895 Thread 0x00000000031ee800 Uncommon trap: reason=class_check action=maybe_recompile pc=0x0000000003cbd280 method=java.lang.reflect.Array.newInstance(Ljava/lang/Class;I)Ljava/lang/Object; @ 2
Event: 8.895 Thread 0x00000000031ee800 Uncommon trap: reason=class_check action=maybe_recompile pc=0x0000000003cbd280 method=java.lang.reflect.Array.newInstance(Ljava/lang/Class;I)Ljava/lang/Object; @ 2
Event: 8.960 Thread 0x00000000031ee800 Uncommon trap: reason=unstable_if action=reinterpret pc=0x0000000003554324 method=sun.reflect.generics.reflectiveObjects.WildcardTypeImpl.getLowerBounds()[Ljava/lang/reflect/Type; @ 23
Event: 9.421 Thread 0x00000000031ee800 Uncommon trap: reason=class_check action=maybe_recompile pc=0x00000000034a3260 method=java.lang.reflect.Executable.getAnnotation(Ljava/lang/Class;)Ljava/lang/annotation/Annotation; @ 19
Event: 9.437 Thread 0x00000000031ee800 Uncommon trap: reason=class_check action=maybe_recompile pc=0x00000000034a3260 method=java.lang.reflect.Executable.getAnnotation(Ljava/lang/Class;)Ljava/lang/annotation/Annotation; @ 19
Event: 9.437 Thread 0x00000000031ee800 Uncommon trap: reason=class_check action=maybe_recompile pc=0x00000000034a3260 method=java.lang.reflect.Executable.getAnnotation(Ljava/lang/Class;)Ljava/lang/annotation/Annotation; @ 19
Event: 9.437 Thread 0x00000000031ee800 Uncommon trap: reason=class_check action=maybe_recompile pc=0x00000000034a3260 method=java.lang.reflect.Executable.getAnnotation(Ljava/lang/Class;)Ljava/lang/annotation/Annotation; @ 19
Event: 9.509 Thread 0x00000000031ee800 Uncommon trap: reason=unstable_if action=reinterpret pc=0x0000000003e55f8c method=org.springframework.beans.factory.support.AbstractBeanFactory.isTypeMatch(Ljava/lang/String;Lorg/springframework/core/ResolvableType;)Z @ 493

Classes redefined (0 events):
No events

Internal exceptions (10 events):
Event: 9.827 Thread 0x00000000031ee800 Exception <a 'java/lang/ClassNotFoundException': java/lang/ObjectCustomizer> (0x00000000d9cdd890) thrown at [C:\re\workspace\8-2-build-windows-amd64-cygwin\jdk8u181\11358\hotspot\src\share\vm\classfile\systemDictionary.cpp, line 210]
Event: 9.828 Thread 0x00000000031ee800 Exception <a 'java/lang/ClassNotFoundException': org/springframework/boot/autoconfigure/context/ConfigurationPropertiesAutoConfigurationCustomizer> (0x00000000d9d05378) thrown at [C:\re\workspace\8-2-build-windows-amd64-cygwin\jdk8u181\11358\hotspot\src\s
Event: 9.829 Thread 0x00000000031ee800 Exception <a 'java/lang/ClassNotFoundException': org/springframework/boot/autoconfigure/context/ConfigurationPropertiesAutoConfiguration$$EnhancerBySpringCGLIB$$533a573eCustomizer> (0x00000000d9d335d8) thrown at [C:\re\workspace\8-2-build-windows-amd64-cy
Event: 9.830 Thread 0x00000000031ee800 Exception <a 'java/lang/ClassNotFoundException': org/springframework/context/annotation/ConfigurationClassEnhancer$EnhancedConfigurationCustomizer> (0x00000000d9d5d378) thrown at [C:\re\workspace\8-2-build-windows-amd64-cygwin\jdk8u181\11358\hotspot\src\s
Event: 9.838 Thread 0x00000000031ee800 Exception <a 'java/lang/ClassNotFoundException': java/lang/ObjectCustomizer> (0x00000000d9d706c8) thrown at [C:\re\workspace\8-2-build-windows-amd64-cygwin\jdk8u181\11358\hotspot\src\share\vm\classfile\systemDictionary.cpp, line 210]
Event: 9.839 Thread 0x00000000031ee800 Exception <a 'java/lang/ClassNotFoundException': org/springframework/boot/autoconfigure/gson/GsonAutoConfigurationCustomizer> (0x00000000d9d92440) thrown at [C:\re\workspace\8-2-build-windows-amd64-cygwin\jdk8u181\11358\hotspot\src\share\vm\classfile\syst
Event: 9.840 Thread 0x00000000031ee800 Exception <a 'java/lang/ClassNotFoundException': org/springframework/boot/autoconfigure/gson/GsonAutoConfiguration$$EnhancerBySpringCGLIB$$a26bdf7aCustomizer> (0x00000000d9dbdb38) thrown at [C:\re\workspace\8-2-build-windows-amd64-cygwin\jdk8u181\11358\ho
Event: 9.852 Thread 0x00000000031ee800 Exception <a 'java/lang/ClassNotFoundException': org/springframework/context/annotation/ConfigurationClassEnhancer$EnhancedConfigurationCustomizer> (0x00000000d9deb040) thrown at [C:\re\workspace\8-2-build-windows-amd64-cygwin\jdk8u181\11358\hotspot\src\s
Event: 9.858 Thread 0x00000000031ee800 Exception <a 'java/lang/ClassNotFoundException': java/lang/ObjectCustomizer> (0x00000000d9e01860) thrown at [C:\re\workspace\8-2-build-windows-amd64-cygwin\jdk8u181\11358\hotspot\src\share\vm\classfile\systemDictionary.cpp, line 210]
Event: 9.859 Thread 0x00000000031ee800 Exception <a 'java/lang/ClassNotFoundException': org/springframework/boot/autoconfigure/gson/GsonPropertiesCustomizer> (0x00000000d9e21500) thrown at [C:\re\workspace\8-2-build-windows-amd64-cygwin\jdk8u181\11358\hotspot\src\share\vm\classfile\systemDicti

Events (10 events):
Event: 9.858 loading class java/lang/ObjectCustomizer
Event: 9.858 loading class java/lang/ObjectCustomizer done
Event: 9.858 loading class java/lang/ObjectCustomizer
Event: 9.858 loading class java/lang/ObjectCustomizer done
Event: 9.858 loading class org/springframework/boot/autoconfigure/gson/GsonPropertiesCustomizer
Event: 9.858 loading class org/springframework/boot/autoconfigure/gson/GsonPropertiesCustomizer done
Event: 9.859 loading class org/springframework/boot/autoconfigure/gson/GsonPropertiesCustomizer
Event: 9.859 loading class org/springframework/boot/autoconfigure/gson/GsonPropertiesCustomizer done
Event: 9.859 loading class org/springframework/boot/autoconfigure/gson/GsonPropertiesCustomizer
Event: 9.859 loading class org/springframework/boot/autoconfigure/gson/GsonPropertiesCustomizer done


Dynamic libraries:
0x00007ff782e20000 - 0x00007ff782e57000 	C:\Program Files\Java\jdk1.8.0_181\jre\bin\java.exe
0x00007ffc60730000 - 0x00007ffc60911000 	C:\WINDOWS\SYSTEM32\ntdll.dll
0x00007ffc60130000 - 0x00007ffc601e1000 	C:\WINDOWS\System32\KERNEL32.DLL
0x00007ffc5cb00000 - 0x00007ffc5cd73000 	C:\WINDOWS\System32\KERNELBASE.dll
0x00007ffc5f340000 - 0x00007ffc5f3e1000 	C:\WINDOWS\System32\ADVAPI32.dll
0x00007ffc5fe60000 - 0x00007ffc5fefe000 	C:\WINDOWS\System32\msvcrt.dll
0x00007ffc5fd30000 - 0x00007ffc5fd8b000 	C:\WINDOWS\System32\sechost.dll
0x00007ffc5fa00000 - 0x00007ffc5fb24000 	C:\WINDOWS\System32\RPCRT4.dll
0x00007ffc5f180000 - 0x00007ffc5f310000 	C:\WINDOWS\System32\USER32.dll
0x00007ffc5cd80000 - 0x00007ffc5cda0000 	C:\WINDOWS\System32\win32u.dll
0x00007ffc5f310000 - 0x00007ffc5f338000 	C:\WINDOWS\System32\GDI32.dll
0x00007ffc5d290000 - 0x00007ffc5d421000 	C:\WINDOWS\System32\gdi32full.dll
0x00007ffc5d140000 - 0x00007ffc5d1df000 	C:\WINDOWS\System32\msvcp_win.dll
0x00007ffc5d040000 - 0x00007ffc5d138000 	C:\WINDOWS\System32\ucrtbase.dll
0x00007ffc4cca0000 - 0x00007ffc4cf09000 	C:\WINDOWS\WinSxS\amd64_microsoft.windows.common-controls_6595b64144ccf1df_6.0.17134.950_none_fb3da4273069d3e0\COMCTL32.dll
0x00007ffc5f640000 - 0x00007ffc5f962000 	C:\WINDOWS\System32\combase.dll
0x00007ffc5db40000 - 0x00007ffc5dbb9000 	C:\WINDOWS\System32\bcryptPrimitives.dll
0x00007ffc5f580000 - 0x00007ffc5f5ad000 	C:\WINDOWS\System32\IMM32.DLL
0x000000005dba0000 - 0x000000005dc72000 	C:\Program Files\Java\jdk1.8.0_181\jre\bin\msvcr100.dll
0x000000005dc80000 - 0x000000005e522000 	C:\Program Files\Java\jdk1.8.0_181\jre\bin\server\jvm.dll
0x00007ffc5f9e0000 - 0x00007ffc5f9e8000 	C:\WINDOWS\System32\PSAPI.DLL
0x00007ffc5a7c0000 - 0x00007ffc5a7e3000 	C:\WINDOWS\SYSTEM32\WINMM.dll
0x00007ffc57e80000 - 0x00007ffc57e8a000 	C:\WINDOWS\SYSTEM32\VERSION.dll
0x00007ffc56190000 - 0x00007ffc56199000 	C:\WINDOWS\SYSTEM32\WSOCK32.dll
0x00007ffc5f970000 - 0x00007ffc5f9dc000 	C:\WINDOWS\System32\WS2_32.dll
0x00007ffc5a370000 - 0x00007ffc5a39a000 	C:\WINDOWS\SYSTEM32\winmmbase.dll
0x00007ffc5cff0000 - 0x00007ffc5d039000 	C:\WINDOWS\System32\cfgmgr32.dll
0x000000005db50000 - 0x000000005db5f000 	C:\Program Files\Java\jdk1.8.0_181\jre\bin\verify.dll
0x000000005db20000 - 0x000000005db49000 	C:\Program Files\Java\jdk1.8.0_181\jre\bin\java.dll
0x000000005db00000 - 0x000000005db16000 	C:\Program Files\Java\jdk1.8.0_181\jre\bin\zip.dll
0x00007ffc5dbc0000 - 0x00007ffc5f000000 	C:\WINDOWS\System32\SHELL32.dll
0x00007ffc60080000 - 0x00007ffc60129000 	C:\WINDOWS\System32\shcore.dll
0x00007ffc5d430000 - 0x00007ffc5db3d000 	C:\WINDOWS\System32\windows.storage.dll
0x00007ffc601f0000 - 0x00007ffc60241000 	C:\WINDOWS\System32\shlwapi.dll
0x00007ffc5ca60000 - 0x00007ffc5ca71000 	C:\WINDOWS\System32\kernel.appcore.dll
0x00007ffc5ca40000 - 0x00007ffc5ca5f000 	C:\WINDOWS\System32\profapi.dll
0x00007ffc5cab0000 - 0x00007ffc5cafc000 	C:\WINDOWS\System32\powrprof.dll
0x00007ffc5ca80000 - 0x00007ffc5ca8a000 	C:\WINDOWS\System32\FLTLIB.DLL
0x000000005d870000 - 0x000000005d87d000 	C:\Program Files\Java\jdk1.8.0_181\jre\bin\management.dll
0x000000005dae0000 - 0x000000005dafa000 	C:\Program Files\Java\jdk1.8.0_181\jre\bin\net.dll
0x00007ffc5c2c0000 - 0x00007ffc5c326000 	C:\WINDOWS\system32\mswsock.dll
0x000000005dac0000 - 0x000000005dad1000 	C:\Program Files\Java\jdk1.8.0_181\jre\bin\nio.dll
0x00007ffc579f0000 - 0x00007ffc57a06000 	C:\WINDOWS\system32\napinsp.dll
0x00007ffc57a10000 - 0x00007ffc57a2a000 	C:\WINDOWS\system32\pnrpnsp.dll
0x00007ffc58d00000 - 0x00007ffc58d19000 	C:\WINDOWS\system32\NLAapi.dll
0x00007ffc5c050000 - 0x00007ffc5c10e000 	C:\WINDOWS\SYSTEM32\DNSAPI.dll
0x00007ffc5f9f0000 - 0x00007ffc5f9f8000 	C:\WINDOWS\System32\NSI.dll
0x00007ffc5bfb0000 - 0x00007ffc5bfe8000 	C:\WINDOWS\SYSTEM32\IPHLPAPI.DLL
0x00007ffc58f70000 - 0x00007ffc58f7e000 	C:\WINDOWS\System32\winrnr.dll
0x00000000604e0000 - 0x0000000060515000 	C:\Program Files\Bonjour\mdnsNSP.dll
0x00007ffc54d60000 - 0x00007ffc54d75000 	C:\WINDOWS\System32\wshbth.dll
0x00007ffc539d0000 - 0x00007ffc539da000 	C:\Windows\System32\rasadhlp.dll
0x00007ffc53c30000 - 0x00007ffc53ca2000 	C:\WINDOWS\System32\fwpuclnt.dll
0x00007ffc5c5a0000 - 0x00007ffc5c5c5000 	C:\WINDOWS\SYSTEM32\bcrypt.dll
0x00007ffc5c470000 - 0x00007ffc5c487000 	C:\WINDOWS\SYSTEM32\CRYPTSP.dll
0x00007ffc5be10000 - 0x00007ffc5be43000 	C:\WINDOWS\system32\rsaenh.dll
0x00007ffc5c970000 - 0x00007ffc5c998000 	C:\WINDOWS\SYSTEM32\USERENV.dll
0x00007ffc5c490000 - 0x00007ffc5c49b000 	C:\WINDOWS\SYSTEM32\CRYPTBASE.dll
0x00007ffc548d0000 - 0x00007ffc548e6000 	C:\WINDOWS\SYSTEM32\dhcpcsvc6.DLL
0x00007ffc548b0000 - 0x00007ffc548ca000 	C:\WINDOWS\SYSTEM32\dhcpcsvc.DLL

VM Arguments:
java_command: C:\Users\Nande\AppData\Local\Temp\surefire7105195828869794380\surefirebooter5238498838906718686.jar C:\Users\Nande\AppData\Local\Temp\surefire7105195828869794380 2019-09-05T15-16-02_069-jvmRun1 surefire5561362059216638175tmp surefire_0253408919885483815tmp
java_class_path (initial): C:\Users\Nande\AppData\Local\Temp\surefire7105195828869794380\surefirebooter5238498838906718686.jar
Launcher Type: SUN_STANDARD

Environment Variables:
JAVA_HOME=C:\Program Files\Java\jdk1.8.0_181
JRE_HOME=C:\Program Files\Java\jre1.8.0_181
PATH=C:\Program Files (x86)\Common Files\Oracle\Java\javapath;C:\WINDOWS\system32;C:\WINDOWS;C:\WINDOWS\System32\Wbem;C:\WINDOWS\System32\WindowsPowerShell\v1.0\;C:\WINDOWS\System32\OpenSSH\;C:\WINDOWS\system32\config\systemprofile\.dnx\bin;C:\Program Files\Microsoft DNX\Dnvm\;C:\Program Files\Microsoft SQL Server\120\Tools\Binn\;C:\Program Files\Microsoft SQL Server\130\Tools\Binn\;C:\Program Files\nodejs\;C:\Program Files\Microsoft VS Code\bin;C:\Program Files\Git\cmd;C:\Program Files (x86)\PuTTY\;"C:\Users\Nande\AppData\Local\Microsoft\WindowsApps;;C:\Program Files\nodejs";C:\Users\Nande\AppData\Roaming\npm;C:\Program Files\heroku\bin;C:\Program Files\Java\jdk1.8.0_181\bin;
USERNAME=Nande
OS=Windows_NT
PROCESSOR_IDENTIFIER=AMD64 Family 21 Model 101 Stepping 1, AuthenticAMD



---------------  S Y S T E M  ---------------

OS: Windows 10.0 , 64 bit Build 17134 (10.0.17134.753)

CPU:total 4 (initial active 4) (4 cores per cpu, 1 threads per core) family 21 model 101 stepping 1, cmov, cx8, fxsr, mmx, sse, sse2, sse3, ssse3, sse4.1, sse4.2, popcnt, avx, avx2, aes, clmul, mmxext, 3dnowpref, lzcnt, sse4a, tsc, tscinvbit, tscinv, bmi1

Memory: 4k page, physical 7820472k(1119736k free), swap 9714872k(6868k free)

vm_info: Java HotSpot(TM) 64-Bit Server VM (25.181-b13) for windows-amd64 JRE (1.8.0_181-b13), built on Jul  7 2018 04:01:33 by "java_re" with MS VC++ 10.0 (VS2010)

time: Thu Sep 05 15:16:12 2019
elapsed time: 9 seconds (0d 0h 0m 9s)

